ISim log file
Running: C:\.Xilinx\uart_test\UART_RX_isim_beh.exe -intstyle ise -gui -tclbatch isim.cmd -wdb C:/.Xilinx/uart_test/UART_RX_isim_beh.wdb 
ISim P.20131013 (signature 0x7708f090)
WARNING: A WEBPACK license was found.
WARNING: Please use Xilinx License Configuration Manager to check out a full ISim license.
WARNING: ISim will run in Lite mode. Please refer to the ISim documentation for more information on the differences between the Lite and the Full version.
This is a Lite version of ISim.
Time resolution is 1 ps
# onerror resume
# wave add /
# run 1000 ns
Simulator is doing circuit initialization process.
Finished circuit initialization process.
# isim force add /uart_rx/i_clk 0 -radix bin -value 1 -radix bin -time 10 ns -repeat 20 ns
# isim force add /uart_rx/i_rx_serial 1 -radix bin
# run 1.00us
# restart
# isim force add /uart_rx/i_clk 0 -radix bin -value 1 -radix bin -time 10 ns -repeat 20 ns
# isim force add /uart_rx/i_rx_serial 1 -radix bin
# run 20.00ns
Simulator is doing circuit initialization process.
Finished circuit initialization process.
# run 20.00ns
# run 20.00ns
# run 20.00ns
# run 20.00ns
# run 20.00ns
# run 20.00ns
# run 20.00ns
# run 20.00ns
# run 20.00ns
# run 20.00ns
# run 20.00ns
# run 20.00ns
# run 20.00ns
# run 20.00ns
# run 20.00ns
# run 20.00ns
# run 20.00ns
# run 20.00ns
# run 20.00ns
# isim force add /uart_rx/i_rx_serial 0 -radix bin
# run 20.00ns
# run 20.00ns
# run 20.00ns
# run 20.00ns
# run 20.00ns
# run 20.00ns
# run 20.00ns
# run 20.00ns
# run 20.00ns
# run 20.00ns
# run 20.00ns
# run 20.00ns
# run 20.00ns
# run 20.00ns
# run 20.00ns
# run 20.00ns
# run 20.00ns
# run 20.00ns
# run 20.00ns
# run 20.00ns
# run 20.00ns
# run 20.00ns
# run 20.00ns
# run 20.00ns
# run 20.00ns
# run 20.00ns
# run 20.00ns
# run 20.00ns
# run 20.00ns
# run 20.00ns
# run 20.00ns
# run 20.00ns
# run 20.00ns
# run 20.00ns
# run 20.00ns
# run 20.00ns
# isim force add /uart_rx/i_rx_serial 1 -radix bin
# run 20.00ns
# run 20.00ns
# run 20.00ns
# run 20.00ns
# run 20.00ns
# run 20.00ns
# run 20.00ns
# run 20.00ns
# run 20.00ns
# run 20.00ns
# run 20.00ns
# run 20.00ns
# run 20.00ns
# run 20.00ns
# run 20.00ns
# run 20.00ns
# run 20.00ns
# run 20.00ns
# run 20.00ns
# run 20.00ns
# run 20.00ns
# run 20.00ns
# run 20.00ns
# run 20.00ns
# run 20.00ns
# run 20.00ns
# run 20.00ns
# run 20.00ns
# run 20.00ns
# run 20.00ns
# run 20.00ns
# run 20.00ns
# run 20.00ns
# run 20.00ns
# run 20.00ns
# run 20.00ns
# run 20.00ns
# run 20.00ns
# run 20.00ns
# run 20.00ns
# run 20.00ns
# run 20.00ns
# run 20.00ns
# run 20.00ns
# run 20.00ns
# run 20.00ns
# run 20.00ns
# run 20.00ns
# run 20.00ns
# run 20.00ns
# run 20.00ns
# run 20.00ns
# run 20.00ns
# run 20.00ns
# run 1.00us
# run 1.00us
# run 1.00us
# run 1.00us
# run 1.00us
# run 1.00us
# run 1.00us
# run 1.00us
# run 1.00us
# run 1.00us
# run 1.00us
# run 1.00us
# run 1.00us
# run 1.00us
# run 1.00us
# run 1.00us
# run 1.00us
# run 1.00us
# run 1.00us
# run 1.00us
# run 1.00us
# run 1.00us
# run 1.00us
# run 1.00us
# run 1.00us
# run 1.00us
# run 1.00us
# run 1.00us
# run 1.00us
# run 1.00us
# run 1.00us
# run 1.00us
# run 1.00us
# run 1.00us
# run 1.00us
# run 1.00us
# run 1.00us
# run 1.00us
# run 1.00us
# run 1.00us
# run 1.00us
# run 1.00us
# run 1.00us
# run 1.00us
# run 1.00us
# run 1.00us
# run 1.00us
# run 1.00us
# run 1.00us
# run 1.00us
# run 1.00us
# run 1.00us
# run 1.00us
# run 1.00us
# run 1.00us
# run 1.00us
# run 1.00us
# run 1.00us
# run 1.00us
# run 1.00us
# run 1.00us
# run 1.00us
# run 1.00us
# run 1.00us
# run 1.00us
# run 1.00us
# run 1.00us
# run 1.00us
# run 1.00us
# isim force add /uart_rx/i_rx_serial 0 -radix bin
# run 1.00us
# run 1.00us
# run 1.00us
# run 1.00us
# run 1.00us
# run 1.00us
# run 1.00us
# run 1.00us
# run 1.00us
# run 1.00us
# run 1.00us
# run 1.00us
# run 1.00us
# run 1.00us
# run 1.00us
# run 1.00us
# run 1.00us
# run 1.00us
# run 1.00us
# run 1.00us
# run 1.00us
# run 1.00us
# run 1.00us
# run 1.00us
# run 1.00us
# run 1.00us
# run 1.00us
# run 1.00us
# run 1.00us
# run 1.00us
# run 1.00us
# run 1.00us
# run 1.00us
# run 1.00us
# run 1.00us
# run 1.00us
# run 1.00us
# run 1.00us
# run 1.00us
# run 1.00us
# run 1.00us
# run 1.00us
# run 1.00us
# run 1.00us
# run 1.00us
# run 1.00us
# run 1.00us
# run 1.00us
# run 1.00us
# run 1.00us
# run 1.00us
# run 1.00us
# run 1.00us
# run 1.00us
# run 1.00us
# run 1.00us
# run 1.00us
# run 1.00us
# run 1.00us
# run 1.00us
# run 1.00us
# run 1.00us
# run 1.00us
# run 1.00us
# run 1.00us
# run 1.00us
# run 1.00us
# run 1.00us
# run 1.00us
# run 1.00us
# run 1.00us
# run 1.00us
# run 1.00us
# run 1.00us
# run 1.00us
# run 1.00us
# run 1.00us
# run 1.00us
# run 1.00us
# run 1.00us
# run 1.00us
# run 1.00us
# run 1.00us
# run 1.00us
# isim force add /uart_rx/i_rx_serial 1 -radix bin
# run 1.00us
# run 1.00us
# run 1.00us
# run 1.00us
# run 1.00us
# run 1.00us
# run 1.00us
# run 1.00us
# run 1.00us
# run 1.00us
# run 1.00us
# run 1.00us
# run 1.00us
# run 1.00us
# run 1.00us
# run 1.00us
# run 1.00us
# run 1.00us
# run 1.00us
# run 1.00us
# run 1.00us
# run 1.00us
# run 1.00us
# run 1.00us
# run 1.00us
# run 1.00us
# run 1.00us
# run 1.00us
# run 1.00us
# run 1.00us
# run 1.00us
# run 1.00us
# run 1.00us
# run 1.00us
# run 1.00us
# run 1.00us
# run 1.00us
# run 1.00us
# run 1.00us
# run 1.00us
# run 1.00us
# run 1.00us
# run 1.00us
# run 1.00us
# run 1.00us
# run 1.00us
# run 1.00us
# run 1.00us
# run 1.00us
# run 1.00us
# run 1.00us
# run 1.00us
# run 1.00us
# run 1.00us
# run 1.00us
# run 1.00us
# run 1.00us
# run 1.00us
# run 1.00us
# run 1.00us
# run 1.00us
# run 1.00us
# run 1.00us
# run 1.00us
# run 1.00us
# run 1.00us
# run 1.00us
# run 1.00us
# run 1.00us
# run 1.00us
# run 1.00us
# run 1.00us
# run 1.00us
# run 1.00us
# run 1.00us
# run 1.00us
# run 1.00us
# run 1.00us
# run 1.00us
# run 1.00us
# run 1.00us
# run 1.00us
# run 1.00us
# run 1.00us
# run 1.00us
# run 1.00us
# run 1.00us
# run 1.00us
# run 1.00us
# run 1.00us
# run 1.00us
# run 1.00us
# run 1.00us
# run 1.00us
# run 1.00us
# run 1.00us
# run 1.00us
# run 1.00us
# run 1.00us
# run 1.00us
# run 1.00us
# run 1.00us
# run 1.00us
# run 1.00us
# run 1.00us
# run 1.00us
# run 1.00us
# run 1.00us
# run 1.00us
# run 1.00us
# run 1.00us
# run 1.00us
# run 1.00us
# run 1.00us
# run 1.00us
# run 1.00us
# run 1.00us
# run 1.00us
# run 1.00us
# run 1.00us
# run 1.00us
# run 1.00us
# run 1.00us
# run 1.00us
# run 1.00us
# run 1.00us
# run 1.00us
# run 1.00us
# run 1.00us
# run 1.00us
# run 1.00us
# run 1.00us
# run 1.00us
# run 1.00us
# run 1.00us
# run 1.00us
# run 1.00us
# run 1.00us
# run 1.00us
# run 1.00us
# run 1.00us
# run 1.00us
# run 1.00us
# run 1.00us
# run 1.00us
# run 1.00us
# run 1.00us
# run 1.00us
# run 1.00us
# run 1.00us
# run 1.00us
# run 1.00us
# run 1.00us
# run 1.00us
# run 1.00us
# run 1.00us
# run 1.00us
# run 1.00us
# run 1.00us
# run 1.00us
# run 1.00us
# run 1.00us
# run 1.00us
# run 1.00us
# run 1.00us
# run 1.00us
# run 1.00us
# run 1.00us
# run 1.00us
# run 1.00us
# run 1.00us
# run 1.00us
# run 1.00us
# run 1.00us
# run 1.00us
# run 1.00us
# run 1.00us
# run 1.00us
# run 1.00us
# run 1.00us
# run 1.00us
# run 1.00us
# run 1.00us
# run 1.00us
# run 1.00us
# run 1.00us
# run 1.00us
# run 1.00us
# run 1.00us
# run 1.00us
# run 1.00us
# run 1.00us
# run 1.00us
# run 1.00us
# run 1.00us
# run 1.00us
# run 1.00us
# run 1.00us
# run 1.00us
# run 1.00us
# run 1.00us
# run 1.00us
# run 1.00us
# run 1.00us
# run 1.00us
# run 1.00us
# run 1.00us
# run 1.00us
# run 1.00us
# run 1.00us
# run 1.00us
# run 1.00us
# run 1.00us
# run 1.00us
# run 1.00us
# run 1.00us
# run 1.00us
# run 1.00us
# run 1.00us
# run 1.00us
# run 1.00us
# run 1.00us
# run 1.00us
# run 1.00us
# run 1.00us
# run 100.00us
# run 100.00us
# run 100.00us
# run 100.00us
# run 100.00us
# run 100.00us
# run 100.00us
# run 100.00us
# run 100.00us
# run 100.00us
# run 100.00us
# run 100.00us
# run 100.00us
# run 100.00us
# run 100.00us
# run 100.00us
# run 100.00us
# run 100.00us
# run 100.00us
# run 100.00us
# run 100.00us
