--------------------------------------------------------------------------------
Release 14.7 Trace  (nt64)
Copyright (c) 1995-2013 Xilinx, Inc.  All rights reserved.

C:\Xilinx\14.7\ISE_DS\ISE\bin\nt64\unwrapped\trce.exe -intstyle ise -v 3 -s 5
-n 3 -fastpaths -xml UART_RX.twx UART_RX.ncd -o UART_RX.twr UART_RX.pcf -ucf
IO.ucf

Design file:              UART_RX.ncd
Physical constraint file: UART_RX.pcf
Device,package,speed:     xc3s500e,fg320,-5 (PRODUCTION 1.27 2013-10-13)
Report level:             verbose report

Environment Variable      Effect 
--------------------      ------ 
NONE                      No environment variables were set
--------------------------------------------------------------------------------

INFO:Timing:2698 - No timing constraints found, doing default enumeration.
INFO:Timing:3412 - To improve timing, see the Timing Closure User Guide (UG612).
INFO:Timing:2752 - To get complete path coverage, use the unconstrained paths 
   option. All paths that are not constrained will be reported in the 
   unconstrained paths section(s) of the report.
INFO:Timing:3339 - The clock-to-out numbers in this timing report are based on 
   a 50 Ohm transmission line loading model.  For the details of this model, 
   and for more information on accounting for different loading conditions, 
   please see the device datasheet.
INFO:Timing:3390 - This architecture does not support a default System Jitter 
   value, please add SYSTEM_JITTER constraint to the UCF to modify the Clock 
   Uncertainty calculation.
INFO:Timing:3389 - This architecture does not support 'Discrete Jitter' and 
   'Phase Error' calculations, these terms will be zero in the Clock 
   Uncertainty calculation.  Please make appropriate modification to 
   SYSTEM_JITTER to account for the unsupported Discrete Jitter and Phase 
   Error.



Data Sheet report:
-----------------
All values displayed in nanoseconds (ns)

Setup/Hold to clock i_Clk
------------+------------+------------+------------------+--------+
            |Max Setup to|Max Hold to |                  | Clock  |
Source      | clk (edge) | clk (edge) |Internal Clock(s) | Phase  |
------------+------------+------------+------------------+--------+
i_RX_Serial |    1.748(R)|    0.009(R)|i_Clk_BUFGP       |   0.000|
------------+------------+------------+------------------+--------+

Clock i_Clk to Pad
------------+------------+------------------+--------+
            | clk (edge) |                  | Clock  |
Destination |   to PAD   |Internal Clock(s) | Phase  |
------------+------------+------------------+--------+
o_RX_Byte<0>|    7.630(R)|i_Clk_BUFGP       |   0.000|
o_RX_Byte<1>|    7.138(R)|i_Clk_BUFGP       |   0.000|
o_RX_Byte<2>|    6.741(R)|i_Clk_BUFGP       |   0.000|
o_RX_Byte<3>|    6.707(R)|i_Clk_BUFGP       |   0.000|
o_RX_Byte<4>|    6.984(R)|i_Clk_BUFGP       |   0.000|
o_RX_Byte<5>|    7.219(R)|i_Clk_BUFGP       |   0.000|
o_RX_Byte<6>|    7.188(R)|i_Clk_BUFGP       |   0.000|
o_RX_Byte<7>|    7.239(R)|i_Clk_BUFGP       |   0.000|
------------+------------+------------------+--------+

Clock to Setup on destination clock i_Clk
---------------+---------+---------+---------+---------+
               | Src:Rise| Src:Fall| Src:Rise| Src:Fall|
Source Clock   |Dest:Rise|Dest:Rise|Dest:Fall|Dest:Fall|
---------------+---------+---------+---------+---------+
i_Clk          |    5.516|         |         |         |
---------------+---------+---------+---------+---------+


Analysis completed Mon Sep 18 00:04:34 2017 
--------------------------------------------------------------------------------

Trace Settings:
-------------------------
Trace Settings 

Peak Memory Usage: 224 MB



